# JRE version: Java(TM) SE Runtime Environment (21.0.7+8) (build 21.0.7+8-LTS-245)
# Java VM: Java HotSpot(TM) 64-Bit Server VM (21.0.7+8-LTS-245, mixed mode, sharing, tiered, compressed oops, compressed class ptrs, g1 gc, windows-amd64)
GC Precious Log:
 CardTable entry size: 512
 Card Set container configuration: InlinePtr #cards 5 size 8 Array Of Cards #cards 12 size 40 Howl #buckets 4 coarsen threshold 1843 Howl Bitmap #cards 512 size 80 coarsen threshold 460 Card regions per heap region 1 cards per card region 2048
 CPUs: 24 total, 24 available
 Memory: 32461M
 Large Page Support: Disabled
 NUMA Support: Disabled
 Compressed Oops: Enabled (32-bit)
 Heap Region Size: 1M
 Heap Min Capacity: 8M
 Heap Initial Capacity: 508M
 Heap Max Capacity: 1G
 Pre-touch: Disabled
 Parallel Workers: 18
 Concurrent Workers: 5
 Concurrent Refinement Workers: 18
 Periodic GC: Disabled
Heap:
 garbage-first heap   total 266240K, used 78459K [0x00000000c0000000, 0x0000000100000000)
  region size 1024K, 1 young (1024K), 0 survivors (0K)
 Metaspace       used 9893K, committed 10176K, reserved 1114112K
  class space    used 1466K, committed 1600K, reserved 1048576K
GC Heap History (20 events):
Event: 365.626 GC heap before
{Heap before GC invocations=16 (full 4):
 garbage-first heap   total 274432K, used 196301K [0x00000000c0000000, 0x0000000100000000)
  region size 1024K, 160 young (163840K), 11 survivors (11264K)
 Metaspace       used 9558K, committed 9856K, reserved 1114112K
  class space    used 1407K, committed 1536K, reserved 1048576K
}
Event: 365.639 GC heap after
{Heap after GC invocations=17 (full 4):
 garbage-first heap   total 274432K, used 57597K [0x00000000c0000000, 0x0000000100000000)
  region size 1024K, 20 young (20480K), 20 survivors (20480K)
 Metaspace       used 9558K, committed 9856K, reserved 1114112K
  class space    used 1407K, committed 1536K, reserved 1048576K
}
Event: 365.845 GC heap before
{Heap before GC invocations=17 (full 4):
 garbage-first heap   total 274432K, used 200957K [0x00000000c0000000, 0x0000000100000000)
  region size 1024K, 160 young (163840K), 20 survivors (20480K)
 Metaspace       used 9646K, committed 9856K, reserved 1114112K
  class space    used 1439K, committed 1536K, reserved 1048576K
}
Event: 365.859 GC heap after
{Heap after GC invocations=18 (full 4):
 garbage-first heap   total 274432K, used 72441K [0x00000000c0000000, 0x0000000100000000)
  region size 1024K, 15 young (15360K), 15 survivors (15360K)
 Metaspace       used 9646K, committed 9856K, reserved 1114112K
  class space    used 1439K, committed 1536K, reserved 1048576K
}
Event: 366.005 GC heap before
{Heap before GC invocations=18 (full 4):
 garbage-first heap   total 274432K, used 220921K [0x00000000c0000000, 0x0000000100000000)
  region size 1024K, 160 young (163840K), 15 survivors (15360K)
 Metaspace       used 9648K, committed 9856K, reserved 1114112K
  class space    used 1439K, committed 1536K, reserved 1048576K
}
Event: 366.018 GC heap after
{Heap after GC invocations=19 (full 4):
 garbage-first heap   total 274432K, used 90990K [0x00000000c0000000, 0x0000000100000000)
  region size 1024K, 18 young (18432K), 18 survivors (18432K)
 Metaspace       used 9648K, committed 9856K, reserved 1114112K
  class space    used 1439K, committed 1536K, reserved 1048576K
}
Event: 614.973 GC heap before
{Heap before GC invocations=19 (full 4):
 garbage-first heap   total 274432K, used 142190K [0x00000000c0000000, 0x0000000100000000)
  region size 1024K, 69 young (70656K), 18 survivors (18432K)
 Metaspace       used 9916K, committed 10176K, reserved 1114112K
  class space    used 1473K, committed 1600K, reserved 1048576K
}
Event: 615.003 GC heap after
{Heap after GC invocations=20 (full 5):
 garbage-first heap   total 273408K, used 79257K [0x00000000c0000000, 0x0000000100000000)
  region size 1024K, 0 young (0K), 0 survivors (0K)
 Metaspace       used 9916K, committed 10176K, reserved 1114112K
  class space    used 1473K, committed 1600K, reserved 1048576K
}
Event: 620.585 GC heap before
{Heap before GC invocations=20 (full 5):
 garbage-first heap   total 273408K, used 79257K [0x00000000c0000000, 0x0000000100000000)
  region size 1024K, 1 young (1024K), 0 survivors (0K)
 Metaspace       used 9916K, committed 10176K, reserved 1114112K
  class space    used 1473K, committed 1600K, reserved 1048576K
}
Event: 620.609 GC heap after
{Heap after GC invocations=21 (full 6):
 garbage-first heap   total 270336K, used 79257K [0x00000000c0000000, 0x0000000100000000)
  region size 1024K, 0 young (0K), 0 survivors (0K)
 Metaspace       used 9916K, committed 10176K, reserved 1114112K
  class space    used 1473K, committed 1600K, reserved 1048576K
}
Event: 621.304 GC heap before
{Heap before GC invocations=21 (full 6):
 garbage-first heap   total 270336K, used 79257K [0x00000000c0000000, 0x0000000100000000)
  region size 1024K, 1 young (1024K), 0 survivors (0K)
 Metaspace       used 9916K, committed 10176K, reserved 1114112K
  class space    used 1473K, committed 1600K, reserved 1048576K
}
Event: 621.324 GC heap after
{Heap after GC invocations=22 (full 7):
 garbage-first heap   total 270336K, used 79257K [0x00000000c0000000, 0x0000000100000000)
  region size 1024K, 0 young (0K), 0 survivors (0K)
 Metaspace       used 9916K, committed 10176K, reserved 1114112K
  class space    used 1473K, committed 1600K, reserved 1048576K
}
Event: 703.345 GC heap before
{Heap before GC invocations=22 (full 7):
 garbage-first heap   total 270336K, used 79257K [0x00000000c0000000, 0x0000000100000000)
  region size 1024K, 1 young (1024K), 0 survivors (0K)
 Metaspace       used 9916K, committed 10176K, reserved 1114112K
  class space    used 1473K, committed 1600K, reserved 1048576K
}
Event: 703.369 GC heap after
{Heap after GC invocations=23 (full 8):
 garbage-first heap   total 270336K, used 79257K [0x00000000c0000000, 0x0000000100000000)
  region size 1024K, 0 young (0K), 0 survivors (0K)
 Metaspace       used 9916K, committed 10176K, reserved 1114112K
  class space    used 1473K, committed 1600K, reserved 1048576K
}
Event: 15221.099 GC heap before
{Heap before GC invocations=23 (full 8):
 garbage-first heap   total 270336K, used 80281K [0x00000000c0000000, 0x0000000100000000)
  region size 1024K, 2 young (2048K), 0 survivors (0K)
 Metaspace       used 9917K, committed 10176K, reserved 1114112K
  class space    used 1473K, committed 1600K, reserved 1048576K
}
Event: 15221.149 GC heap after
{Heap after GC invocations=24 (full 9):
 garbage-first heap   total 270336K, used 79257K [0x00000000c0000000, 0x0000000100000000)
  region size 1024K, 0 young (0K), 0 survivors (0K)
 Metaspace       used 9917K, committed 10176K, reserved 1114112K
  class space    used 1473K, committed 1600K, reserved 1048576K
}
Event: 15221.153 GC heap before
{Heap before GC invocations=24 (full 9):
 garbage-first heap   total 270336K, used 79257K [0x00000000c0000000, 0x0000000100000000)
  region size 1024K, 1 young (1024K), 0 survivors (0K)
 Metaspace       used 9917K, committed 10176K, reserved 1114112K
  class space    used 1473K, committed 1600K, reserved 1048576K
}
Event: 15221.183 GC heap after
{Heap after GC invocations=25 (full 10):
 garbage-first heap   total 266240K, used 78459K [0x00000000c0000000, 0x0000000100000000)
  region size 1024K, 0 young (0K), 0 survivors (0K)
 Metaspace       used 9893K, committed 10176K, reserved 1114112K
  class space    used 1466K, committed 1600K, reserved 1048576K
}
Event: 15221.239 GC heap before
{Heap before GC invocations=25 (full 10):
 garbage-first heap   total 266240K, used 78459K [0x00000000c0000000, 0x0000000100000000)
  region size 1024K, 1 young (1024K), 0 survivors (0K)
 Metaspace       used 9893K, committed 10176K, reserved 1114112K
  class space    used 1466K, committed 1600K, reserved 1048576K
}
Event: 15221.260 GC heap after
{Heap after GC invocations=26 (full 11):
 garbage-first heap   total 266240K, used 78459K [0x00000000c0000000, 0x0000000100000000)
  region size 1024K, 0 young (0K), 0 survivors (0K)
 Metaspace       used 9893K, committed 10176K, reserved 1114112K
  class space    used 1466K, committed 1600K, reserved 1048576K
}

